<?xml version="1.0" encoding="UTF-8"?>
<!-- Generated by org.testng.reporters.JUnitXMLReporter -->
<testsuite ignored="0" hostname="ASK" failures="0" tests="3" name="Default test" time="12.629" errors="0" timestamp="2024-04-13T07:10:48 IST">
  <testcase classname="com.TestLayer.TestClass" name="firstTesterProgram" time="0.014"/>
  <testcase classname="com.TestLayer.TestClass" name="secondTesterProgram" time="0.005"/>
  <testcase classname="com.TestLayer.TestClass" name="validateLoginPageFunctinality" time="1.377"/>
</testsuite> <!-- Default test -->
