<?xml version="1.0" encoding="UTF-8"?>
<testng-results ignored="0" total="3" passed="3" failed="0" skipped="0">
  <reporter-output>
  </reporter-output>
  <suite started-at="2024-04-13T07:10:35 IST" name="Default suite" finished-at="2024-04-13T07:10:48 IST" duration-ms="12629">
    <groups>
    </groups>
    <test started-at="2024-04-13T07:10:35 IST" name="Default test" finished-at="2024-04-13T07:10:48 IST" duration-ms="12629">
      <class name="com.TestLayer.TestClass">
        <test-method is-config="true" signature="setUp()[pri:0, instance:com.TestLayer.TestClass@55b7a4e0]" started-at="2024-04-13T07:10:35 IST" name="setUp" finished-at="2024-04-13T07:10:43 IST" duration-ms="8052" status="PASS">
          <reporter-output>
          </reporter-output>
        </test-method> <!-- setUp -->
        <test-method signature="firstTesterProgram()[pri:0, instance:com.TestLayer.TestClass@55b7a4e0]" started-at="2024-04-13T07:10:43 IST" name="firstTesterProgram" finished-at="2024-04-13T07:10:43 IST" duration-ms="14" status="PASS">
          <reporter-output>
          </reporter-output>
        </test-method> <!-- firstTesterProgram -->
        <test-method signature="secondTesterProgram()[pri:0, instance:com.TestLayer.TestClass@55b7a4e0]" started-at="2024-04-13T07:10:43 IST" name="secondTesterProgram" finished-at="2024-04-13T07:10:43 IST" duration-ms="5" status="PASS">
          <reporter-output>
          </reporter-output>
        </test-method> <!-- secondTesterProgram -->
        <test-method signature="validateLoginPageFunctinality()[pri:0, instance:com.TestLayer.TestClass@55b7a4e0]" started-at="2024-04-13T07:10:43 IST" name="validateLoginPageFunctinality" finished-at="2024-04-13T07:10:45 IST" duration-ms="1377" status="PASS">
          <reporter-output>
          </reporter-output>
        </test-method> <!-- validateLoginPageFunctinality -->
        <test-method is-config="true" signature="tearDown()[pri:0, instance:com.TestLayer.TestClass@55b7a4e0]" started-at="2024-04-13T07:10:45 IST" name="tearDown" finished-at="2024-04-13T07:10:48 IST" duration-ms="3107" status="PASS">
          <reporter-output>
          </reporter-output>
        </test-method> <!-- tearDown -->
      </class> <!-- com.TestLayer.TestClass -->
    </test> <!-- Default test -->
  </suite> <!-- Default suite -->
</testng-results>
