<?xml version="1.0" encoding="UTF-8"?>
<testng-results ignored="0" total="2" passed="2" failed="0" skipped="0">
  <reporter-output>
  </reporter-output>
  <suite started-at="2024-04-13T06:57:19 IST" name="Default suite" finished-at="2024-04-13T06:57:35 IST" duration-ms="15992">
    <groups>
    </groups>
    <test started-at="2024-04-13T06:57:19 IST" name="Default test" finished-at="2024-04-13T06:57:35 IST" duration-ms="15992">
      <class name="com.TestLayer.TestClass">
        <test-method is-config="true" signature="setUp()[pri:0, instance:com.TestLayer.TestClass@6eda5c9]" started-at="2024-04-13T06:57:19 IST" name="setUp" finished-at="2024-04-13T06:57:30 IST" duration-ms="11291" status="PASS">
          <reporter-output>
          </reporter-output>
        </test-method> <!-- setUp -->
        <test-method signature="firstTesterProgram()[pri:0, instance:com.TestLayer.TestClass@6eda5c9]" started-at="2024-04-13T06:57:30 IST" name="firstTesterProgram" finished-at="2024-04-13T06:57:30 IST" duration-ms="6" status="PASS">
          <reporter-output>
          </reporter-output>
        </test-method> <!-- firstTesterProgram -->
        <test-method signature="validateLoginPageFunctinality()[pri:0, instance:com.TestLayer.TestClass@6eda5c9]" started-at="2024-04-13T06:57:30 IST" name="validateLoginPageFunctinality" finished-at="2024-04-13T06:57:32 IST" duration-ms="1507" status="PASS">
          <reporter-output>
          </reporter-output>
        </test-method> <!-- validateLoginPageFunctinality -->
        <test-method is-config="true" signature="tearDown()[pri:0, instance:com.TestLayer.TestClass@6eda5c9]" started-at="2024-04-13T06:57:32 IST" name="tearDown" finished-at="2024-04-13T06:57:35 IST" duration-ms="3117" status="PASS">
          <reporter-output>
          </reporter-output>
        </test-method> <!-- tearDown -->
      </class> <!-- com.TestLayer.TestClass -->
    </test> <!-- Default test -->
  </suite> <!-- Default suite -->
</testng-results>
